<html>
<head>
<title>TestNG:  open cart LoginPage Test</title>
<link href="../testng.css" rel="stylesheet" type="text/css" />
<link href="../my-testng.css" rel="stylesheet" type="text/css" />

<style type="text/css">
.log { display: none;} 
.stack-trace { display: none;} 
</style>
<script type="text/javascript">
<!--
function flip(e) {
  current = e.style.display;
  if (current == 'block') {
    e.style.display = 'none';
    return 0;
  }
  else {
    e.style.display = 'block';
    return 1;
  }
}

function toggleBox(szDivId, elem, msg1, msg2)
{
  var res = -1;  if (document.getElementById) {
    res = flip(document.getElementById(szDivId));
  }
  else if (document.all) {
    // this is the way old msie versions work
    res = flip(document.all[szDivId]);
  }
  if(elem) {
    if(res == 0) elem.innerHTML = msg1; else elem.innerHTML = msg2;
  }

}

function toggleAllBoxes() {
  if (document.getElementsByTagName) {
    d = document.getElementsByTagName('div');
    for (i = 0; i < d.length; i++) {
      if (d[i].className == 'log') {
        flip(d[i]);
      }
    }
  }
}

// -->
</script>

</head>
<body>
<h2 align='center'>open cart LoginPage Test</h2><table border='1' align="center">
<tr>
<td>Tests passed/Failed/Skipped:</td><td>2/1/0</td>
</tr><tr>
<td>Started on:</td><td>Sat Aug 02 19:57:13 IST 2025</td>
</tr>
<tr><td>Total time:</td><td>12 seconds (12395 ms)</td>
</tr><tr>
<td>Included groups:</td><td></td>
</tr><tr>
<td>Excluded groups:</td><td></td>
</tr>
</table><p/>
<small><i>(Hover the method name to see the test class name)</i></small><p/>
<table width='100%' border='1' class='invocation-failed'>
<tr><td colspan='4' align='center'><b>FAILED TESTS</b></td></tr>
<tr><td><b>Test method</b></td>
<td><b>Attribute(s)</b></td>
<td width="30%"><b>Exception</b></td>
<td width="10%"><b>Time (seconds)</b></td>
<td><b>Instance</b></td>
</tr>
<tr>
<td title='com.qa.opencart.tests.LoginPageTest.forgotPwdLinkExistTest()'><b>forgotPwdLinkExistTest</b><br>Test class: com.qa.opencart.tests.LoginPageTest</td>
<td><div><pre>com.microsoft.playwright.PlaywrightException: Error {
  message=&apos;SyntaxError: Failed to execute &apos;evaluate&apos; on &apos;Document&apos;: The string &apos;(//a[normalize-space()=&apos;Forgotten Password&apos;])[1]2222222&apos; is not a valid XPath expression.
    at Object.queryAll (&lt;anonymous&gt;:5858:25)
    at InjectedScript._queryEngineAll (&lt;anonymous&gt;:6536:49)
    at InjectedScript.querySelectorAll (&lt;anonymous&gt;:6523:30)
    at InjectedScript.querySelector (&lt;anonymous&gt;:6453:25)
    at eval (eval at evaluate (:291:30), &lt;anonymous&gt;:2:34)
    at UtilityScript.evaluate (&lt;anonymous&gt;:293:16)
    at UtilityScript.&lt;anonymous&gt; (&lt;anonymous&gt;:1:44)
  name=&apos;Error
  stack=&apos;Error: SyntaxError: Failed to execute &apos;evaluate&apos; on &apos;Document&apos;: The string &apos;(//a[normalize-space()=&apos;Forgotten Password&apos;])[1]2222222&apos; is not a valid XPath expression.
    at Object.queryAll (&lt;anonymous&gt;:5858:25)
    at InjectedScript._queryEngineAll (&lt;anonymous&gt;:6536:49)
    at InjectedScript.querySelectorAll (&lt;anonymous&gt;:6523:30)
    at InjectedScript.querySelector (&lt;anonymous&gt;:6453:25)
    at eval (eval at evaluate (:291:30), &lt;anonymous&gt;:2:34)
    at UtilityScript.evaluate (&lt;anonymous&gt;:293:16)
    at UtilityScript.&lt;anonymous&gt; (&lt;anonymous&gt;:1:44)
    at CRExecutionContext.evaluateWithArguments (C:\Users\sride\AppData\Local\Temp\playwright-java-12683948086794551261\package\lib\server\chromium\crExecutionContext.js:80:13)
    at async LongStandingScope._race (C:\Users\sride\AppData\Local\Temp\playwright-java-12683948086794551261\package\lib\utils\isomorphic\manualPromise.js:94:14)
    at async evaluateExpression (C:\Users\sride\AppData\Local\Temp\playwright-java-12683948086794551261\package\lib\server\javascript.js:217:12)
    at async Frame.isVisibleInternal (C:\Users\sride\AppData\Local\Temp\playwright-java-12683948086794551261\package\lib\server\frames.js:1083:14)
    at async C:\Users\sride\AppData\Local\Temp\playwright-java-12683948086794551261\package\lib\server\frames.js:1075:14
    at async ProgressController.run (C:\Users\sride\AppData\Local\Temp\playwright-java-12683948086794551261\package\lib\server\progress.js:80:22)
    at async FrameDispatcher.isVisible (C:\Users\sride\AppData\Local\Temp\playwright-java-12683948086794551261\package\lib\server\dispatchers\frameDispatcher.js:171:21)
    at async LongStandingScope._race (C:\Users\sride\AppData\Local\Temp\playwright-java-12683948086794551261\package\lib\utils\isomorphic\manualPromise.js:94:14)
    at async FrameDispatcher._handleCommand (C:\Users\sride\AppData\Local\Temp\playwright-java-12683948086794551261\package\lib\server\dispatchers\dispatcher.js:90:14)
    at async DispatcherConnection.dispatch (C:\Users\sride\AppData\Local\Temp\playwright-java-12683948086794551261\package\lib\server\dispatchers\dispatcher.js:309:22)
}
Call log:
-     - checking visibility of locator(&quot;xpath=(//a[normalize-space()=&apos;Forgotten Password&apos;])[1]2222222&quot;)

	at com.microsoft.playwright.impl.WaitableResult.get(WaitableResult.java:56)
	at com.microsoft.playwright.impl.ChannelOwner.runUntil(ChannelOwner.java:138)
	at com.microsoft.playwright.impl.Connection.sendMessage(Connection.java:131)
	at com.microsoft.playwright.impl.ChannelOwner.sendMessage(ChannelOwner.java:124)
	at com.microsoft.playwright.impl.FrameImpl.isVisibleImpl(FrameImpl.java:597)
	at com.microsoft.playwright.impl.PageImpl.isVisible(PageImpl.java:978)
	at com.microsoft.playwright.Page.isVisible(Page.java:5716)
	at com.qa.opencart.pages.LoginPage.isForgetPwdLinkExist(LoginPage.java:29)
	at com.qa.opencart.tests.LoginPageTest.forgotPwdLinkExistTest(LoginPageTest.java:20)
	at java.base/jdk.internal.reflect.DirectMethodHandleAccessor.invoke(DirectMethodHandleAccessor.java:103)
	at java.base/java.lang.reflect.Method.invoke(Method.java:580)
	at org.testng.internal.invokers.MethodInvocationHelper.invokeMethod(MethodInvocationHelper.java:141)
	at org.testng.internal.invokers.TestInvoker.invokeMethod(TestInvoker.java:687)
	at org.testng.internal.invokers.TestInvoker.invokeTestMethod(TestInvoker.java:230)
	at org.testng.internal.invokers.MethodRunner.runInSequence(MethodRunner.java:63)
	at org.testng.internal.invokers.TestInvoker$MethodInvocationAgent.invoke(TestInvoker.java:995)
	at org.testng.internal.invokers.TestInvoker.invokeTestMethods(TestInvoker.java:203)
	at org.testng.internal.invokers.TestMethodWorker.invokeTestMethods(TestMethodWorker.java:154)
	at org.testng.internal.invokers.TestMethodWorker.run(TestMethodWorker.java:134)
	at java.base/java.util.ArrayList.forEach(ArrayList.java:1596)
	at org.testng.TestRunner.privateRun(TestRunner.java:741)
	at org.testng.TestRunner.run(TestRunner.java:616)
	at org.testng.SuiteRunner.runTest(SuiteRunner.java:421)
	at org.testng.SuiteRunner$SuiteWorker.run(SuiteRunner.java:463)
	at org.testng.internal.thread.ThreadUtil.lambda$execute$0(ThreadUtil.java:64)
	at java.base/java.util.concurrent.FutureTask.run(FutureTask.java:317)
	at java.base/java.util.concurrent.ThreadPoolExecutor.runWorker(ThreadPoolExecutor.java:1144)
	at java.base/java.util.concurrent.ThreadPoolExecutor$Worker.run(ThreadPoolExecutor.java:642)
	at java.base/java.lang.Thread.run(Thread.java:1583)
Caused by: com.microsoft.playwright.impl.DriverException: Error {
  message=&apos;SyntaxError: Failed to execute &apos;evaluate&apos; on &apos;Document&apos;: The string &apos;(//a[normalize-space()=&apos;Forgotten Password&apos;])[1]2222222&apos; is not a valid XPath expression.
    at Object.queryAll (&lt;anonymous&gt;:5858:25)
    at InjectedScript._queryEngineAll (&lt;anonymous&gt;:6536:49)
    at InjectedScript.querySelectorAll (&lt;anonymous&gt;:6523:30)
    at InjectedScript.querySelector (&lt;anonymous&gt;:6453:25)
    at eval (eval at evaluate (:291:30), &lt;anonymous&gt;:2:34)
    at UtilityScript.evaluate (&lt;anonymous&gt;:293:16)
    at UtilityScript.&lt;anonymous&gt; (&lt;anonymous&gt;:1:44)
  name=&apos;Error
  stack=&apos;Error: SyntaxError: Failed to execute &apos;evaluate&apos; on &apos;Document&apos;: The string &apos;(//a[normalize-space()=&apos;Forgotten Password&apos;])[1]2222222&apos; is not a valid XPath expression.
    at Object.queryAll (&lt;anonymous&gt;:5858:25)
    at InjectedScript._queryEngineAll (&lt;anonymous&gt;:6536:49)
    at InjectedScript.querySelectorAll (&lt;anonymous&gt;:6523:30)
    at InjectedScript.querySelector (&lt;anonymous&gt;:6453:25)
    at eval (eval at evaluate (:291:30), &lt;anonymous&gt;:2:34)
    at UtilityScript.evaluate (&lt;anonymous&gt;:293:16)
    at UtilityScript.&lt;anonymous&gt; (&lt;anonymous&gt;:1:44)
    at CRExecutionContext.evaluateWithArguments (C:\Users\sride\AppData\Local\Temp\playwright-java-12683948086794551261\package\lib\server\chromium\crExecutionContext.js:80:13)
    at async LongStandingScope._race (C:\Users\sride\AppData\Local\Temp\playwright-java-12683948086794551261\package\lib\utils\isomorphic\manualPromise.js:94:14)
    at async evaluateExpression (C:\Users\sride\AppData\Local\Temp\playwright-java-12683948086794551261\package\lib\server\javascript.js:217:12)
    at async Frame.isVisibleInternal (C:\Users\sride\AppData\Local\Temp\playwright-java-12683948086794551261\package\lib\server\frames.js:1083:14)
    at async C:\Users\sride\AppData\Local\Temp\playwright-java-12683948086794551261\package\lib\server\frames.js:1075:14
    at async ProgressController.run (C:\Users\sride\AppData\Local\Temp\playwright-java-12683948086794551261\package\lib\server\progress.js:80:22)
    at async FrameDispatcher.isVisible (C:\Users\sride\AppData\Local\Temp\playwright-java-12683948086794551261\package\lib\server\dispatchers\frameDispatcher.js:171:21)
    at async LongStandingScope._race (C:\Users\sride\AppData\Local\Temp\playwright-java-12683948086794551261\package\lib\utils\isomorphic\manualPromise.js:94:14)
    at async FrameDispatcher._handleCommand (C:\Users\sride\AppData\Local\Temp\playwright-java-12683948086794551261\package\lib\server\dispatchers\dispatcher.js:90:14)
    at async DispatcherConnection.dispatch (C:\Users\sride\AppData\Local\Temp\playwright-java-12683948086794551261\package\lib\server\dispatchers\dispatcher.js:309:22)
}
Call log:
-     - checking visibility of locator(&quot;xpath=(//a[normalize-space()=&apos;Forgotten Password&apos;])[1]2222222&quot;)

	at com.microsoft.playwright.impl.Connection.dispatch(Connection.java:262)
	at com.microsoft.playwright.impl.Connection.processOneMessage(Connection.java:214)
	at com.microsoft.playwright.impl.ChannelOwner.runUntil(ChannelOwner.java:136)
	... 27 more
</pre></div><a href='#' onClick='toggleBox("stack-trace1036029791", this, "Click to show all stack frames", "Click to hide stack frames")'>Click to show all stack frames</a>
<div class='stack-trace' id='stack-trace1036029791'><pre>com.microsoft.playwright.PlaywrightException: Error {
  message=&apos;SyntaxError: Failed to execute &apos;evaluate&apos; on &apos;Document&apos;: The string &apos;(//a[normalize-space()=&apos;Forgotten Password&apos;])[1]2222222&apos; is not a valid XPath expression.
    at Object.queryAll (&lt;anonymous&gt;:5858:25)
    at InjectedScript._queryEngineAll (&lt;anonymous&gt;:6536:49)
    at InjectedScript.querySelectorAll (&lt;anonymous&gt;:6523:30)
    at InjectedScript.querySelector (&lt;anonymous&gt;:6453:25)
    at eval (eval at evaluate (:291:30), &lt;anonymous&gt;:2:34)
    at UtilityScript.evaluate (&lt;anonymous&gt;:293:16)
    at UtilityScript.&lt;anonymous&gt; (&lt;anonymous&gt;:1:44)
  name=&apos;Error
  stack=&apos;Error: SyntaxError: Failed to execute &apos;evaluate&apos; on &apos;Document&apos;: The string &apos;(//a[normalize-space()=&apos;Forgotten Password&apos;])[1]2222222&apos; is not a valid XPath expression.
    at Object.queryAll (&lt;anonymous&gt;:5858:25)
    at InjectedScript._queryEngineAll (&lt;anonymous&gt;:6536:49)
    at InjectedScript.querySelectorAll (&lt;anonymous&gt;:6523:30)
    at InjectedScript.querySelector (&lt;anonymous&gt;:6453:25)
    at eval (eval at evaluate (:291:30), &lt;anonymous&gt;:2:34)
    at UtilityScript.evaluate (&lt;anonymous&gt;:293:16)
    at UtilityScript.&lt;anonymous&gt; (&lt;anonymous&gt;:1:44)
    at CRExecutionContext.evaluateWithArguments (C:\Users\sride\AppData\Local\Temp\playwright-java-12683948086794551261\package\lib\server\chromium\crExecutionContext.js:80:13)
    at async LongStandingScope._race (C:\Users\sride\AppData\Local\Temp\playwright-java-12683948086794551261\package\lib\utils\isomorphic\manualPromise.js:94:14)
    at async evaluateExpression (C:\Users\sride\AppData\Local\Temp\playwright-java-12683948086794551261\package\lib\server\javascript.js:217:12)
    at async Frame.isVisibleInternal (C:\Users\sride\AppData\Local\Temp\playwright-java-12683948086794551261\package\lib\server\frames.js:1083:14)
    at async C:\Users\sride\AppData\Local\Temp\playwright-java-12683948086794551261\package\lib\server\frames.js:1075:14
    at async ProgressController.run (C:\Users\sride\AppData\Local\Temp\playwright-java-12683948086794551261\package\lib\server\progress.js:80:22)
    at async FrameDispatcher.isVisible (C:\Users\sride\AppData\Local\Temp\playwright-java-12683948086794551261\package\lib\server\dispatchers\frameDispatcher.js:171:21)
    at async LongStandingScope._race (C:\Users\sride\AppData\Local\Temp\playwright-java-12683948086794551261\package\lib\utils\isomorphic\manualPromise.js:94:14)
    at async FrameDispatcher._handleCommand (C:\Users\sride\AppData\Local\Temp\playwright-java-12683948086794551261\package\lib\server\dispatchers\dispatcher.js:90:14)
    at async DispatcherConnection.dispatch (C:\Users\sride\AppData\Local\Temp\playwright-java-12683948086794551261\package\lib\server\dispatchers\dispatcher.js:309:22)
}
Call log:
-     - checking visibility of locator(&quot;xpath=(//a[normalize-space()=&apos;Forgotten Password&apos;])[1]2222222&quot;)

	at com.microsoft.playwright.impl.WaitableResult.get(WaitableResult.java:56)
	at com.microsoft.playwright.impl.ChannelOwner.runUntil(ChannelOwner.java:138)
	at com.microsoft.playwright.impl.Connection.sendMessage(Connection.java:131)
	at com.microsoft.playwright.impl.ChannelOwner.sendMessage(ChannelOwner.java:124)
	at com.microsoft.playwright.impl.FrameImpl.isVisibleImpl(FrameImpl.java:597)
	at com.microsoft.playwright.impl.PageImpl.isVisible(PageImpl.java:978)
	at com.microsoft.playwright.Page.isVisible(Page.java:5716)
	at com.qa.opencart.pages.LoginPage.isForgetPwdLinkExist(LoginPage.java:29)
	at com.qa.opencart.tests.LoginPageTest.forgotPwdLinkExistTest(LoginPageTest.java:20)
	at java.base/jdk.internal.reflect.DirectMethodHandleAccessor.invoke(DirectMethodHandleAccessor.java:103)
	at java.base/java.lang.reflect.Method.invoke(Method.java:580)
	at org.testng.internal.invokers.MethodInvocationHelper.invokeMethod(MethodInvocationHelper.java:141)
	at org.testng.internal.invokers.TestInvoker.invokeMethod(TestInvoker.java:687)
	at org.testng.internal.invokers.TestInvoker.invokeTestMethod(TestInvoker.java:230)
	at org.testng.internal.invokers.MethodRunner.runInSequence(MethodRunner.java:63)
	at org.testng.internal.invokers.TestInvoker$MethodInvocationAgent.invoke(TestInvoker.java:995)
	at org.testng.internal.invokers.TestInvoker.invokeTestMethods(TestInvoker.java:203)
	at org.testng.internal.invokers.TestMethodWorker.invokeTestMethods(TestMethodWorker.java:154)
	at org.testng.internal.invokers.TestMethodWorker.run(TestMethodWorker.java:134)
	at java.base/java.util.ArrayList.forEach(ArrayList.java:1596)
	at org.testng.TestRunner.privateRun(TestRunner.java:741)
	at org.testng.TestRunner.run(TestRunner.java:616)
	at org.testng.SuiteRunner.runTest(SuiteRunner.java:421)
	at org.testng.SuiteRunner$SuiteWorker.run(SuiteRunner.java:463)
	at org.testng.internal.thread.ThreadUtil.lambda$execute$0(ThreadUtil.java:64)
	at java.base/java.util.concurrent.FutureTask.run(FutureTask.java:317)
	at java.base/java.util.concurrent.ThreadPoolExecutor.runWorker(ThreadPoolExecutor.java:1144)
	at java.base/java.util.concurrent.ThreadPoolExecutor$Worker.run(ThreadPoolExecutor.java:642)
	at java.base/java.lang.Thread.run(Thread.java:1583)
Caused by: com.microsoft.playwright.impl.DriverException: Error {
  message=&apos;SyntaxError: Failed to execute &apos;evaluate&apos; on &apos;Document&apos;: The string &apos;(//a[normalize-space()=&apos;Forgotten Password&apos;])[1]2222222&apos; is not a valid XPath expression.
    at Object.queryAll (&lt;anonymous&gt;:5858:25)
    at InjectedScript._queryEngineAll (&lt;anonymous&gt;:6536:49)
    at InjectedScript.querySelectorAll (&lt;anonymous&gt;:6523:30)
    at InjectedScript.querySelector (&lt;anonymous&gt;:6453:25)
    at eval (eval at evaluate (:291:30), &lt;anonymous&gt;:2:34)
    at UtilityScript.evaluate (&lt;anonymous&gt;:293:16)
    at UtilityScript.&lt;anonymous&gt; (&lt;anonymous&gt;:1:44)
  name=&apos;Error
  stack=&apos;Error: SyntaxError: Failed to execute &apos;evaluate&apos; on &apos;Document&apos;: The string &apos;(//a[normalize-space()=&apos;Forgotten Password&apos;])[1]2222222&apos; is not a valid XPath expression.
    at Object.queryAll (&lt;anonymous&gt;:5858:25)
    at InjectedScript._queryEngineAll (&lt;anonymous&gt;:6536:49)
    at InjectedScript.querySelectorAll (&lt;anonymous&gt;:6523:30)
    at InjectedScript.querySelector (&lt;anonymous&gt;:6453:25)
    at eval (eval at evaluate (:291:30), &lt;anonymous&gt;:2:34)
    at UtilityScript.evaluate (&lt;anonymous&gt;:293:16)
    at UtilityScript.&lt;anonymous&gt; (&lt;anonymous&gt;:1:44)
    at CRExecutionContext.evaluateWithArguments (C:\Users\sride\AppData\Local\Temp\playwright-java-12683948086794551261\package\lib\server\chromium\crExecutionContext.js:80:13)
    at async LongStandingScope._race (C:\Users\sride\AppData\Local\Temp\playwright-java-12683948086794551261\package\lib\utils\isomorphic\manualPromise.js:94:14)
    at async evaluateExpression (C:\Users\sride\AppData\Local\Temp\playwright-java-12683948086794551261\package\lib\server\javascript.js:217:12)
    at async Frame.isVisibleInternal (C:\Users\sride\AppData\Local\Temp\playwright-java-12683948086794551261\package\lib\server\frames.js:1083:14)
    at async C:\Users\sride\AppData\Local\Temp\playwright-java-12683948086794551261\package\lib\server\frames.js:1075:14
    at async ProgressController.run (C:\Users\sride\AppData\Local\Temp\playwright-java-12683948086794551261\package\lib\server\progress.js:80:22)
    at async FrameDispatcher.isVisible (C:\Users\sride\AppData\Local\Temp\playwright-java-12683948086794551261\package\lib\server\dispatchers\frameDispatcher.js:171:21)
    at async LongStandingScope._race (C:\Users\sride\AppData\Local\Temp\playwright-java-12683948086794551261\package\lib\utils\isomorphic\manualPromise.js:94:14)
    at async FrameDispatcher._handleCommand (C:\Users\sride\AppData\Local\Temp\playwright-java-12683948086794551261\package\lib\server\dispatchers\dispatcher.js:90:14)
    at async DispatcherConnection.dispatch (C:\Users\sride\AppData\Local\Temp\playwright-java-12683948086794551261\package\lib\server\dispatchers\dispatcher.js:309:22)
}
Call log:
-     - checking visibility of locator(&quot;xpath=(//a[normalize-space()=&apos;Forgotten Password&apos;])[1]2222222&quot;)

	at com.microsoft.playwright.impl.Connection.dispatch(Connection.java:262)
	at com.microsoft.playwright.impl.Connection.processOneMessage(Connection.java:214)
	at com.microsoft.playwright.impl.ChannelOwner.runUntil(ChannelOwner.java:136)
	... 27 more
</pre></div></td>
<td>0</td>
<td>com.qa.opencart.tests.LoginPageTest@1f760b47</td></tr>
</table><p>
<table width='100%' border='1' class='invocation-passed'>
<tr><td colspan='4' align='center'><b>PASSED TESTS</b></td></tr>
<tr><td><b>Test method</b></td>
<td><b>Attribute(s)</b></td>
<td width="30%"><b>Exception</b></td>
<td width="10%"><b>Time (seconds)</b></td>
<td><b>Instance</b></td>
</tr>
<tr>
<td title='com.qa.opencart.tests.LoginPageTest.appLoginTest()'><b>appLoginTest</b><br>Test class: com.qa.opencart.tests.LoginPageTest</td>
<td></td>
<td>0</td>
<td>com.qa.opencart.tests.LoginPageTest@1f760b47</td></tr>
<tr>
<td title='com.qa.opencart.tests.LoginPageTest.loginPageNavigationTest()'><b>loginPageNavigationTest</b><br>Test class: com.qa.opencart.tests.LoginPageTest</td>
<td></td>
<td>0</td>
<td>com.qa.opencart.tests.LoginPageTest@1f760b47</td></tr>
</table><p>
</body>
</html>