<?xml version="1.0" encoding="UTF-8"?>
<!-- Generated by org.testng.reporters.JUnitXMLReporter -->
<testsuite ignored="0" hostname="Hanuman" failures="1" tests="3" name="open cart LoginPage Test" time="12.395" errors="0" timestamp="2025-08-02T19:57:25 IST">
  <testcase classname="com.qa.opencart.tests.LoginPageTest" name="loginPageNavigationTest" time="0.446"/>
  <testcase classname="com.qa.opencart.tests.LoginPageTest" name="forgotPwdLinkExistTest" time="0.025">
    <failure type="com.microsoft.playwright.PlaywrightException" message="Error {
  message=&amp;apos;SyntaxError: Failed to execute &amp;apos;evaluate&amp;apos; on &amp;apos;Document&amp;apos;: The string &amp;apos;(//a[normalize-space()=&amp;apos;Forgotten Password&amp;apos;])[1]2222222&amp;apos; is not a valid XPath expression.
    at Object.queryAll (&amp;lt;anonymous&amp;gt;:5858:25)
    at InjectedScript._queryEngineAll (&amp;lt;anonymous&amp;gt;:6536:49)
    at InjectedScript.querySelectorAll (&amp;lt;anonymous&amp;gt;:6523:30)
    at InjectedScript.querySelector (&amp;lt;anonymous&amp;gt;:6453:25)
    at eval (eval at evaluate (:291:30), &amp;lt;anonymous&amp;gt;:2:34)
    at UtilityScript.evaluate (&amp;lt;anonymous&amp;gt;:293:16)
    at UtilityScript.&amp;lt;anonymous&amp;gt; (&amp;lt;anonymous&amp;gt;:1:44)
  name=&amp;apos;Error
  stack=&amp;apos;Error: SyntaxError: Failed to execute &amp;apos;evaluate&amp;apos; on &amp;apos;Document&amp;apos;: The string &amp;apos;(//a[normalize-space()=&amp;apos;Forgotten Password&amp;apos;])[1]2222222&amp;apos; is not a valid XPath expression.
    at Object.queryAll (&amp;lt;anonymous&amp;gt;:5858:25)
    at InjectedScript._queryEngineAll (&amp;lt;anonymous&amp;gt;:6536:49)
    at InjectedScript.querySelectorAll (&amp;lt;anonymous&amp;gt;:6523:30)
    at InjectedScript.querySelector (&amp;lt;anonymous&amp;gt;:6453:25)
    at eval (eval at evaluate (:291:30), &amp;lt;anonymous&amp;gt;:2:34)
    at UtilityScript.evaluate (&amp;lt;anonymous&amp;gt;:293:16)
    at UtilityScript.&amp;lt;anonymous&amp;gt; (&amp;lt;anonymous&amp;gt;:1:44)
    at CRExecutionContext.evaluateWithArguments (C:\Users\sride\AppData\Local\Temp\playwright-java-12683948086794551261\package\lib\server\chromium\crExecutionContext.js:80:13)
    at async LongStandingScope._race (C:\Users\sride\AppData\Local\Temp\playwright-java-12683948086794551261\package\lib\utils\isomorphic\manualPromise.js:94:14)
    at async evaluateExpression (C:\Users\sride\AppData\Local\Temp\playwright-java-12683948086794551261\package\lib\server\javascript.js:217:12)
    at async Frame.isVisibleInternal (C:\Users\sride\AppData\Local\Temp\playwright-java-12683948086794551261\package\lib\server\frames.js:1083:14)
    at async C:\Users\sride\AppData\Local\Temp\playwright-java-12683948086794551261\package\lib\server\frames.js:1075:14
    at async ProgressController.run (C:\Users\sride\AppData\Local\Temp\playwright-java-12683948086794551261\package\lib\server\progress.js:80:22)
    at async FrameDispatcher.isVisible (C:\Users\sride\AppData\Local\Temp\playwright-java-12683948086794551261\package\lib\server\dispatchers\frameDispatcher.js:171:21)
    at async LongStandingScope._race (C:\Users\sride\AppData\Local\Temp\playwright-java-12683948086794551261\package\lib\utils\isomorphic\manualPromise.js:94:14)
    at async FrameDispatcher._handleCommand (C:\Users\sride\AppData\Local\Temp\playwright-java-12683948086794551261\package\lib\server\dispatchers\dispatcher.js:90:14)
    at async DispatcherConnection.dispatch (C:\Users\sride\AppData\Local\Temp\playwright-java-12683948086794551261\package\lib\server\dispatchers\dispatcher.js:309:22)
}
Call log:
-     - checking visibility of locator(&amp;quot;xpath=(//a[normalize-space()=&amp;apos;Forgotten Password&amp;apos;])[1]2222222&amp;quot;)
">
      <![CDATA[com.microsoft.playwright.PlaywrightException: Error {
  message='SyntaxError: Failed to execute 'evaluate' on 'Document': The string '(//a[normalize-space()='Forgotten Password'])[1]2222222' is not a valid XPath expression.
    at Object.queryAll (<anonymous>:5858:25)
    at InjectedScript._queryEngineAll (<anonymous>:6536:49)
    at InjectedScript.querySelectorAll (<anonymous>:6523:30)
    at InjectedScript.querySelector (<anonymous>:6453:25)
    at eval (eval at evaluate (:291:30), <anonymous>:2:34)
    at UtilityScript.evaluate (<anonymous>:293:16)
    at UtilityScript.<anonymous> (<anonymous>:1:44)
  name='Error
  stack='Error: SyntaxError: Failed to execute 'evaluate' on 'Document': The string '(//a[normalize-space()='Forgotten Password'])[1]2222222' is not a valid XPath expression.
    at Object.queryAll (<anonymous>:5858:25)
    at InjectedScript._queryEngineAll (<anonymous>:6536:49)
    at InjectedScript.querySelectorAll (<anonymous>:6523:30)
    at InjectedScript.querySelector (<anonymous>:6453:25)
    at eval (eval at evaluate (:291:30), <anonymous>:2:34)
    at UtilityScript.evaluate (<anonymous>:293:16)
    at UtilityScript.<anonymous> (<anonymous>:1:44)
    at CRExecutionContext.evaluateWithArguments (C:\Users\sride\AppData\Local\Temp\playwright-java-12683948086794551261\package\lib\server\chromium\crExecutionContext.js:80:13)
    at async LongStandingScope._race (C:\Users\sride\AppData\Local\Temp\playwright-java-12683948086794551261\package\lib\utils\isomorphic\manualPromise.js:94:14)
    at async evaluateExpression (C:\Users\sride\AppData\Local\Temp\playwright-java-12683948086794551261\package\lib\server\javascript.js:217:12)
    at async Frame.isVisibleInternal (C:\Users\sride\AppData\Local\Temp\playwright-java-12683948086794551261\package\lib\server\frames.js:1083:14)
    at async C:\Users\sride\AppData\Local\Temp\playwright-java-12683948086794551261\package\lib\server\frames.js:1075:14
    at async ProgressController.run (C:\Users\sride\AppData\Local\Temp\playwright-java-12683948086794551261\package\lib\server\progress.js:80:22)
    at async FrameDispatcher.isVisible (C:\Users\sride\AppData\Local\Temp\playwright-java-12683948086794551261\package\lib\server\dispatchers\frameDispatcher.js:171:21)
    at async LongStandingScope._race (C:\Users\sride\AppData\Local\Temp\playwright-java-12683948086794551261\package\lib\utils\isomorphic\manualPromise.js:94:14)
    at async FrameDispatcher._handleCommand (C:\Users\sride\AppData\Local\Temp\playwright-java-12683948086794551261\package\lib\server\dispatchers\dispatcher.js:90:14)
    at async DispatcherConnection.dispatch (C:\Users\sride\AppData\Local\Temp\playwright-java-12683948086794551261\package\lib\server\dispatchers\dispatcher.js:309:22)
}
Call log:
-     - checking visibility of locator("xpath=(//a[normalize-space()='Forgotten Password'])[1]2222222")

at com.microsoft.playwright.impl.WaitableResult.get(WaitableResult.java:56)
at com.microsoft.playwright.impl.ChannelOwner.runUntil(ChannelOwner.java:138)
at com.microsoft.playwright.impl.Connection.sendMessage(Connection.java:131)
at com.microsoft.playwright.impl.ChannelOwner.sendMessage(ChannelOwner.java:124)
at com.microsoft.playwright.impl.FrameImpl.isVisibleImpl(FrameImpl.java:597)
at com.microsoft.playwright.impl.PageImpl.isVisible(PageImpl.java:978)
at com.microsoft.playwright.Page.isVisible(Page.java:5716)
at com.qa.opencart.pages.LoginPage.isForgetPwdLinkExist(LoginPage.java:29)
at com.qa.opencart.tests.LoginPageTest.forgotPwdLinkExistTest(LoginPageTest.java:20)
at java.base/jdk.internal.reflect.DirectMethodHandleAccessor.invoke(DirectMethodHandleAccessor.java:103)
at java.base/java.lang.reflect.Method.invoke(Method.java:580)
at org.testng.internal.invokers.MethodInvocationHelper.invokeMethod(MethodInvocationHelper.java:141)
at org.testng.internal.invokers.TestInvoker.invokeMethod(TestInvoker.java:687)
at org.testng.internal.invokers.TestInvoker.invokeTestMethod(TestInvoker.java:230)
at org.testng.internal.invokers.MethodRunner.runInSequence(MethodRunner.java:63)
at org.testng.internal.invokers.TestInvoker$MethodInvocationAgent.invoke(TestInvoker.java:995)
at org.testng.internal.invokers.TestInvoker.invokeTestMethods(TestInvoker.java:203)
at org.testng.internal.invokers.TestMethodWorker.invokeTestMethods(TestMethodWorker.java:154)
at org.testng.internal.invokers.TestMethodWorker.run(TestMethodWorker.java:134)
at java.base/java.util.ArrayList.forEach(ArrayList.java:1596)
at org.testng.TestRunner.privateRun(TestRunner.java:741)
at org.testng.TestRunner.run(TestRunner.java:616)
at org.testng.SuiteRunner.runTest(SuiteRunner.java:421)
at org.testng.SuiteRunner$SuiteWorker.run(SuiteRunner.java:463)
at org.testng.internal.thread.ThreadUtil.lambda$execute$0(ThreadUtil.java:64)
at java.base/java.util.concurrent.FutureTask.run(FutureTask.java:317)
at java.base/java.util.concurrent.ThreadPoolExecutor.runWorker(ThreadPoolExecutor.java:1144)
at java.base/java.util.concurrent.ThreadPoolExecutor$Worker.run(ThreadPoolExecutor.java:642)
at java.base/java.lang.Thread.run(Thread.java:1583)
Caused by: com.microsoft.playwright.impl.DriverException: Error {
  message='SyntaxError: Failed to execute 'evaluate' on 'Document': The string '(//a[normalize-space()='Forgotten Password'])[1]2222222' is not a valid XPath expression.
    at Object.queryAll (<anonymous>:5858:25)
    at InjectedScript._queryEngineAll (<anonymous>:6536:49)
    at InjectedScript.querySelectorAll (<anonymous>:6523:30)
    at InjectedScript.querySelector (<anonymous>:6453:25)
    at eval (eval at evaluate (:291:30), <anonymous>:2:34)
    at UtilityScript.evaluate (<anonymous>:293:16)
    at UtilityScript.<anonymous> (<anonymous>:1:44)
  name='Error
  stack='Error: SyntaxError: Failed to execute 'evaluate' on 'Document': The string '(//a[normalize-space()='Forgotten Password'])[1]2222222' is not a valid XPath expression.
    at Object.queryAll (<anonymous>:5858:25)
    at InjectedScript._queryEngineAll (<anonymous>:6536:49)
    at InjectedScript.querySelectorAll (<anonymous>:6523:30)
    at InjectedScript.querySelector (<anonymous>:6453:25)
    at eval (eval at evaluate (:291:30), <anonymous>:2:34)
    at UtilityScript.evaluate (<anonymous>:293:16)
    at UtilityScript.<anonymous> (<anonymous>:1:44)
    at CRExecutionContext.evaluateWithArguments (C:\Users\sride\AppData\Local\Temp\playwright-java-12683948086794551261\package\lib\server\chromium\crExecutionContext.js:80:13)
    at async LongStandingScope._race (C:\Users\sride\AppData\Local\Temp\playwright-java-12683948086794551261\package\lib\utils\isomorphic\manualPromise.js:94:14)
    at async evaluateExpression (C:\Users\sride\AppData\Local\Temp\playwright-java-12683948086794551261\package\lib\server\javascript.js:217:12)
    at async Frame.isVisibleInternal (C:\Users\sride\AppData\Local\Temp\playwright-java-12683948086794551261\package\lib\server\frames.js:1083:14)
    at async C:\Users\sride\AppData\Local\Temp\playwright-java-12683948086794551261\package\lib\server\frames.js:1075:14
    at async ProgressController.run (C:\Users\sride\AppData\Local\Temp\playwright-java-12683948086794551261\package\lib\server\progress.js:80:22)
    at async FrameDispatcher.isVisible (C:\Users\sride\AppData\Local\Temp\playwright-java-12683948086794551261\package\lib\server\dispatchers\frameDispatcher.js:171:21)
    at async LongStandingScope._race (C:\Users\sride\AppData\Local\Temp\playwright-java-12683948086794551261\package\lib\utils\isomorphic\manualPromise.js:94:14)
    at async FrameDispatcher._handleCommand (C:\Users\sride\AppData\Local\Temp\playwright-java-12683948086794551261\package\lib\server\dispatchers\dispatcher.js:90:14)
    at async DispatcherConnection.dispatch (C:\Users\sride\AppData\Local\Temp\playwright-java-12683948086794551261\package\lib\server\dispatchers\dispatcher.js:309:22)
}
Call log:
-     - checking visibility of locator("xpath=(//a[normalize-space()='Forgotten Password'])[1]2222222")

at com.microsoft.playwright.impl.Connection.dispatch(Connection.java:262)
at com.microsoft.playwright.impl.Connection.processOneMessage(Connection.java:214)
at com.microsoft.playwright.impl.ChannelOwner.runUntil(ChannelOwner.java:136)
... 27 more
]]>
    </failure>
  </testcase> <!-- forgotPwdLinkExistTest -->
  <testcase classname="com.qa.opencart.tests.LoginPageTest" name="appLoginTest" time="0.642"/>
</testsuite> <!-- open cart LoginPage Test -->
