<!DOCTYPE html>

<html>
  <head>
  <meta charset='utf-8'>
  <title>TestNG reports</title>

    <link type="text/css" href="testng-reports1.css" rel="stylesheet" id="ultra" />
    <link type="text/css" href="testng-reports.css" rel="stylesheet" id="retro" disabled="false"/>
    <script type="text/javascript" src="jquery-3.6.0.min.js"></script>
    <script type="text/javascript" src="testng-reports.js"></script>
    <script type="text/javascript" src="https://www.google.com/jsapi"></script>
    <script type='text/javascript'>
      google.load('visualization', '1', {packages:['table']});
      google.setOnLoadCallback(drawTable);
      var suiteTableInitFunctions = new Array();
      var suiteTableData = new Array();
    </script>
    <!--
      <script type="text/javascript" src="jquery-ui/js/jquery-ui-1.8.16.custom.min.js"></script>
     -->
  </head>

  <body>    <div class="top-banner-root">
      <span class="top-banner-title-font">Test results</span>
      <button id="button" class="button">Switch Retro Theme</button> <!-- button -->
      <br/>
      <span class="top-banner-font-1">1 suite, 1 failed test</span>
    </div> <!-- top-banner-root -->
    <div class="navigator-root">
      <div class="navigator-suite-header">
        <span>All suites</span>
        <a href="#" title="Collapse/expand all the suites" class="collapse-all-link">
          <img src="collapseall.gif" class="collapse-all-icon">
          </img> <!-- collapse-all-icon -->
        </a> <!-- collapse-all-link -->
      </div> <!-- navigator-suite-header -->
      <div class="suite">
        <div class="rounded-window">
          <div class="suite-header light-rounded-window-top">
            <a href="#" panel-name="suite-open_cart_Test_Regression_pw_Suite" class="navigator-link">
              <span class="suite-name border-failed">open cart Test Regression pw Suite</span>
            </a> <!-- navigator-link -->
          </div> <!-- suite-header light-rounded-window-top -->
          <div class="navigator-suite-content">
            <div class="suite-section-title">
              <span>Info</span>
            </div> <!-- suite-section-title -->
            <div class="suite-section-content">
              <ul>
                <li>
                  <a href="#" panel-name="test-xml-open_cart_Test_Regression_pw_Suite" class="navigator-link ">
                    <span>C:\Users\sride\.eclipse\PlaywrightSeries\PlaywrightPageObjectModel1\src\test\resources\testrunners\testng_Regression.xml</span>
                  </a> <!-- navigator-link  -->
                </li>
                <li>
                  <a href="#" panel-name="testlist-open_cart_Test_Regression_pw_Suite" class="navigator-link ">
                    <span class="test-stats">2 tests</span>
                  </a> <!-- navigator-link  -->
                </li>
                <li>
                  <a href="#" panel-name="group-open_cart_Test_Regression_pw_Suite" class="navigator-link ">
                    <span>0 groups</span>
                  </a> <!-- navigator-link  -->
                </li>
                <li>
                  <a href="#" panel-name="times-open_cart_Test_Regression_pw_Suite" class="navigator-link ">
                    <span>Times</span>
                  </a> <!-- navigator-link  -->
                </li>
                <li>
                  <a href="#" panel-name="reporter-open_cart_Test_Regression_pw_Suite" class="navigator-link ">
                    <span>Reporter output</span>
                  </a> <!-- navigator-link  -->
                </li>
                <li>
                  <a href="#" panel-name="ignored-methods-open_cart_Test_Regression_pw_Suite" class="navigator-link ">
                    <span>Ignored methods</span>
                  </a> <!-- navigator-link  -->
                </li>
                <li>
                  <a href="#" panel-name="chronological-open_cart_Test_Regression_pw_Suite" class="navigator-link ">
                    <span>Chronological view</span>
                  </a> <!-- navigator-link  -->
                </li>
              </ul>
            </div> <!-- suite-section-content -->
            <div class="result-section">
              <div class="suite-section-title">
                <span>Results</span>
              </div> <!-- suite-section-title -->
              <div class="suite-section-content">
                <ul>
                  <li>
                    <span class="method-stats">8 methods, 1 failed,   7 passed</span>
                  </li>
                  <li>
                    <span class="method-list-title failed">Failed methods</span>
                    <span class="show-or-hide-methods failed">
                      <a href="#" panel-name="suite-open_cart_Test_Regression_pw_Suite" class="hide-methods failed suite-open_cart_Test_Regression_pw_Suite"> (hide)</a> <!-- hide-methods failed suite-open_cart_Test_Regression_pw_Suite -->
                      <a href="#" panel-name="suite-open_cart_Test_Regression_pw_Suite" class="show-methods failed suite-open_cart_Test_Regression_pw_Suite"> (show)</a> <!-- show-methods failed suite-open_cart_Test_Regression_pw_Suite -->
                    </span>
                    <div class="method-list-content failed suite-open_cart_Test_Regression_pw_Suite">
                      <span>
                        <img src="failed.png" width="3%"/>
                        <a href="#" panel-name="suite-open_cart_Test_Regression_pw_Suite" title="com.qa.opencart.tests.LoginPageTest" class="method navigator-link" hash-for-method="forgotPwdLinkExistTest">forgotPwdLinkExistTest</a> <!-- method navigator-link -->
                      </span>
                      <br/>
                    </div> <!-- method-list-content failed suite-open_cart_Test_Regression_pw_Suite -->
                  </li>
                  <li>
                    <span class="method-list-title passed">Passed methods</span>
                    <span class="show-or-hide-methods passed">
                      <a href="#" panel-name="suite-open_cart_Test_Regression_pw_Suite" class="hide-methods passed suite-open_cart_Test_Regression_pw_Suite"> (hide)</a> <!-- hide-methods passed suite-open_cart_Test_Regression_pw_Suite -->
                      <a href="#" panel-name="suite-open_cart_Test_Regression_pw_Suite" class="show-methods passed suite-open_cart_Test_Regression_pw_Suite"> (show)</a> <!-- show-methods passed suite-open_cart_Test_Regression_pw_Suite -->
                    </span>
                    <div class="method-list-content passed suite-open_cart_Test_Regression_pw_Suite">
                      <span>
                        <img src="passed.png" width="3%"/>
                        <a href="#" panel-name="suite-open_cart_Test_Regression_pw_Suite" title="com.qa.opencart.tests.LoginPageTest" class="method navigator-link" hash-for-method="appLoginTest">appLoginTest</a> <!-- method navigator-link -->
                      </span>
                      <br/>
                      <span>
                        <img src="passed.png" width="3%"/>
                        <a href="#" panel-name="suite-open_cart_Test_Regression_pw_Suite" title="com.qa.opencart.tests.HomePageTest" class="method navigator-link" hash-for-method="homepageTitleTest">homepageTitleTest</a> <!-- method navigator-link -->
                      </span>
                      <br/>
                      <span>
                        <img src="passed.png" width="3%"/>
                        <a href="#" panel-name="suite-open_cart_Test_Regression_pw_Suite" title="com.qa.opencart.tests.HomePageTest" class="method navigator-link" hash-for-method="homepageURLTest">homepageURLTest</a> <!-- method navigator-link -->
                      </span>
                      <br/>
                      <span>
                        <img src="passed.png" width="3%"/>
                        <a href="#" panel-name="suite-open_cart_Test_Regression_pw_Suite" title="com.qa.opencart.tests.LoginPageTest" class="method navigator-link" hash-for-method="loginPageNavigationTest">loginPageNavigationTest</a> <!-- method navigator-link -->
                      </span>
                      <br/>
                      <span>
                        <img src="passed.png" width="3%"/>
                        <a href="#" panel-name="suite-open_cart_Test_Regression_pw_Suite" title="com.qa.opencart.tests.HomePageTest" class="method navigator-link" hash-for-method="searchTest(Macbook)">searchTest(Macbook)</a> <!-- method navigator-link -->
                      </span>
                      <br/>
                      <span>
                        <img src="passed.png" width="3%"/>
                        <a href="#" panel-name="suite-open_cart_Test_Regression_pw_Suite" title="com.qa.opencart.tests.HomePageTest" class="method navigator-link" hash-for-method="searchTest(iMac)">searchTest(iMac)</a> <!-- method navigator-link -->
                      </span>
                      <br/>
                      <span>
                        <img src="passed.png" width="3%"/>
                        <a href="#" panel-name="suite-open_cart_Test_Regression_pw_Suite" title="com.qa.opencart.tests.HomePageTest" class="method navigator-link" hash-for-method="searchTest(Samsung)">searchTest(Samsung)</a> <!-- method navigator-link -->
                      </span>
                      <br/>
                    </div> <!-- method-list-content passed suite-open_cart_Test_Regression_pw_Suite -->
                  </li>
                </ul>
              </div> <!-- suite-section-content -->
            </div> <!-- result-section -->
          </div> <!-- navigator-suite-content -->
        </div> <!-- rounded-window -->
      </div> <!-- suite -->
    </div> <!-- navigator-root -->
    <div class="wrapper">
      <div class="main-panel-root">
        <div panel-name="suite-open_cart_Test_Regression_pw_Suite" class="panel open_cart_Test_Regression_pw_Suite">
          <div class="suite-open_cart_Test_Regression_pw_Suite-class-failed">
            <div class="main-panel-header rounded-window-top">
              <img src="failed.png"/>
              <span class="class-name">com.qa.opencart.tests.LoginPageTest</span>
            </div> <!-- main-panel-header rounded-window-top -->
            <div class="main-panel-content rounded-window-bottom">
              <div class="method">
                <div class="method-content">
                  <a name="forgotPwdLinkExistTest">
                  </a> <!-- forgotPwdLinkExistTest -->
                  <span class="method-name">forgotPwdLinkExistTest</span>
                  <div class="stack-trace">com.microsoft.playwright.PlaywrightException: Error {
  message=&apos;SyntaxError: Failed to execute &apos;evaluate&apos; on &apos;Document&apos;: The string &apos;(//a[normalize-space()=&apos;Forgotten Password&apos;])[1]2222222&apos; is not a valid XPath expression.
    at Object.queryAll (&lt;anonymous&gt;:5858:25)
    at InjectedScript._queryEngineAll (&lt;anonymous&gt;:6536:49)
    at InjectedScript.querySelectorAll (&lt;anonymous&gt;:6523:30)
    at InjectedScript.querySelector (&lt;anonymous&gt;:6453:25)
    at eval (eval at evaluate (:291:30), &lt;anonymous&gt;:2:34)
    at UtilityScript.evaluate (&lt;anonymous&gt;:293:16)
    at UtilityScript.&lt;anonymous&gt; (&lt;anonymous&gt;:1:44)
  name=&apos;Error
  stack=&apos;Error: SyntaxError: Failed to execute &apos;evaluate&apos; on &apos;Document&apos;: The string &apos;(//a[normalize-space()=&apos;Forgotten Password&apos;])[1]2222222&apos; is not a valid XPath expression.
    at Object.queryAll (&lt;anonymous&gt;:5858:25)
    at InjectedScript._queryEngineAll (&lt;anonymous&gt;:6536:49)
    at InjectedScript.querySelectorAll (&lt;anonymous&gt;:6523:30)
    at InjectedScript.querySelector (&lt;anonymous&gt;:6453:25)
    at eval (eval at evaluate (:291:30), &lt;anonymous&gt;:2:34)
    at UtilityScript.evaluate (&lt;anonymous&gt;:293:16)
    at UtilityScript.&lt;anonymous&gt; (&lt;anonymous&gt;:1:44)
    at CRExecutionContext.evaluateWithArguments (C:\Users\sride\AppData\Local\Temp\playwright-java-12683948086794551261\package\lib\server\chromium\crExecutionContext.js:80:13)
    at async LongStandingScope._race (C:\Users\sride\AppData\Local\Temp\playwright-java-12683948086794551261\package\lib\utils\isomorphic\manualPromise.js:94:14)
    at async evaluateExpression (C:\Users\sride\AppData\Local\Temp\playwright-java-12683948086794551261\package\lib\server\javascript.js:217:12)
    at async Frame.isVisibleInternal (C:\Users\sride\AppData\Local\Temp\playwright-java-12683948086794551261\package\lib\server\frames.js:1083:14)
    at async C:\Users\sride\AppData\Local\Temp\playwright-java-12683948086794551261\package\lib\server\frames.js:1075:14
    at async ProgressController.run (C:\Users\sride\AppData\Local\Temp\playwright-java-12683948086794551261\package\lib\server\progress.js:80:22)
    at async FrameDispatcher.isVisible (C:\Users\sride\AppData\Local\Temp\playwright-java-12683948086794551261\package\lib\server\dispatchers\frameDispatcher.js:171:21)
    at async LongStandingScope._race (C:\Users\sride\AppData\Local\Temp\playwright-java-12683948086794551261\package\lib\utils\isomorphic\manualPromise.js:94:14)
    at async FrameDispatcher._handleCommand (C:\Users\sride\AppData\Local\Temp\playwright-java-12683948086794551261\package\lib\server\dispatchers\dispatcher.js:90:14)
    at async DispatcherConnection.dispatch (C:\Users\sride\AppData\Local\Temp\playwright-java-12683948086794551261\package\lib\server\dispatchers\dispatcher.js:309:22)
}
Call log:
-     - checking visibility of locator(&quot;xpath=(//a[normalize-space()=&apos;Forgotten Password&apos;])[1]2222222&quot;)

	at com.microsoft.playwright.impl.WaitableResult.get(WaitableResult.java:56)
	at com.microsoft.playwright.impl.ChannelOwner.runUntil(ChannelOwner.java:138)
	at com.microsoft.playwright.impl.Connection.sendMessage(Connection.java:131)
	at com.microsoft.playwright.impl.ChannelOwner.sendMessage(ChannelOwner.java:124)
	at com.microsoft.playwright.impl.FrameImpl.isVisibleImpl(FrameImpl.java:597)
	at com.microsoft.playwright.impl.PageImpl.isVisible(PageImpl.java:978)
	at com.microsoft.playwright.Page.isVisible(Page.java:5716)
	at com.qa.opencart.pages.LoginPage.isForgetPwdLinkExist(LoginPage.java:29)
	at com.qa.opencart.tests.LoginPageTest.forgotPwdLinkExistTest(LoginPageTest.java:20)
	at java.base/jdk.internal.reflect.DirectMethodHandleAccessor.invoke(DirectMethodHandleAccessor.java:103)
	at java.base/java.lang.reflect.Method.invoke(Method.java:580)
	at org.testng.internal.invokers.MethodInvocationHelper.invokeMethod(MethodInvocationHelper.java:141)
	at org.testng.internal.invokers.TestInvoker.invokeMethod(TestInvoker.java:687)
	at org.testng.internal.invokers.TestInvoker.invokeTestMethod(TestInvoker.java:230)
	at org.testng.internal.invokers.MethodRunner.runInSequence(MethodRunner.java:63)
	at org.testng.internal.invokers.TestInvoker$MethodInvocationAgent.invoke(TestInvoker.java:995)
	at org.testng.internal.invokers.TestInvoker.invokeTestMethods(TestInvoker.java:203)
	at org.testng.internal.invokers.TestMethodWorker.invokeTestMethods(TestMethodWorker.java:154)
	at org.testng.internal.invokers.TestMethodWorker.run(TestMethodWorker.java:134)
	at java.base/java.util.ArrayList.forEach(ArrayList.java:1596)
	at org.testng.TestRunner.privateRun(TestRunner.java:741)
	at org.testng.TestRunner.run(TestRunner.java:616)
	at org.testng.SuiteRunner.runTest(SuiteRunner.java:421)
	at org.testng.SuiteRunner$SuiteWorker.run(SuiteRunner.java:463)
	at org.testng.internal.thread.ThreadUtil.lambda$execute$0(ThreadUtil.java:64)
	at java.base/java.util.concurrent.FutureTask.run(FutureTask.java:317)
	at java.base/java.util.concurrent.ThreadPoolExecutor.runWorker(ThreadPoolExecutor.java:1144)
	at java.base/java.util.concurrent.ThreadPoolExecutor$Worker.run(ThreadPoolExecutor.java:642)
	at java.base/java.lang.Thread.run(Thread.java:1583)
Caused by: com.microsoft.playwright.impl.DriverException: Error {
  message=&apos;SyntaxError: Failed to execute &apos;evaluate&apos; on &apos;Document&apos;: The string &apos;(//a[normalize-space()=&apos;Forgotten Password&apos;])[1]2222222&apos; is not a valid XPath expression.
    at Object.queryAll (&lt;anonymous&gt;:5858:25)
    at InjectedScript._queryEngineAll (&lt;anonymous&gt;:6536:49)
    at InjectedScript.querySelectorAll (&lt;anonymous&gt;:6523:30)
    at InjectedScript.querySelector (&lt;anonymous&gt;:6453:25)
    at eval (eval at evaluate (:291:30), &lt;anonymous&gt;:2:34)
    at UtilityScript.evaluate (&lt;anonymous&gt;:293:16)
    at UtilityScript.&lt;anonymous&gt; (&lt;anonymous&gt;:1:44)
  name=&apos;Error
  stack=&apos;Error: SyntaxError: Failed to execute &apos;evaluate&apos; on &apos;Document&apos;: The string &apos;(//a[normalize-space()=&apos;Forgotten Password&apos;])[1]2222222&apos; is not a valid XPath expression.
    at Object.queryAll (&lt;anonymous&gt;:5858:25)
    at InjectedScript._queryEngineAll (&lt;anonymous&gt;:6536:49)
    at InjectedScript.querySelectorAll (&lt;anonymous&gt;:6523:30)
    at InjectedScript.querySelector (&lt;anonymous&gt;:6453:25)
    at eval (eval at evaluate (:291:30), &lt;anonymous&gt;:2:34)
    at UtilityScript.evaluate (&lt;anonymous&gt;:293:16)
    at UtilityScript.&lt;anonymous&gt; (&lt;anonymous&gt;:1:44)
    at CRExecutionContext.evaluateWithArguments (C:\Users\sride\AppData\Local\Temp\playwright-java-12683948086794551261\package\lib\server\chromium\crExecutionContext.js:80:13)
    at async LongStandingScope._race (C:\Users\sride\AppData\Local\Temp\playwright-java-12683948086794551261\package\lib\utils\isomorphic\manualPromise.js:94:14)
    at async evaluateExpression (C:\Users\sride\AppData\Local\Temp\playwright-java-12683948086794551261\package\lib\server\javascript.js:217:12)
    at async Frame.isVisibleInternal (C:\Users\sride\AppData\Local\Temp\playwright-java-12683948086794551261\package\lib\server\frames.js:1083:14)
    at async C:\Users\sride\AppData\Local\Temp\playwright-java-12683948086794551261\package\lib\server\frames.js:1075:14
    at async ProgressController.run (C:\Users\sride\AppData\Local\Temp\playwright-java-12683948086794551261\package\lib\server\progress.js:80:22)
    at async FrameDispatcher.isVisible (C:\Users\sride\AppData\Local\Temp\playwright-java-12683948086794551261\package\lib\server\dispatchers\frameDispatcher.js:171:21)
    at async LongStandingScope._race (C:\Users\sride\AppData\Local\Temp\playwright-java-12683948086794551261\package\lib\utils\isomorphic\manualPromise.js:94:14)
    at async FrameDispatcher._handleCommand (C:\Users\sride\AppData\Local\Temp\playwright-java-12683948086794551261\package\lib\server\dispatchers\dispatcher.js:90:14)
    at async DispatcherConnection.dispatch (C:\Users\sride\AppData\Local\Temp\playwright-java-12683948086794551261\package\lib\server\dispatchers\dispatcher.js:309:22)
}
Call log:
-     - checking visibility of locator(&quot;xpath=(//a[normalize-space()=&apos;Forgotten Password&apos;])[1]2222222&quot;)

	at com.microsoft.playwright.impl.Connection.dispatch(Connection.java:262)
	at com.microsoft.playwright.impl.Connection.processOneMessage(Connection.java:214)
	at com.microsoft.playwright.impl.ChannelOwner.runUntil(ChannelOwner.java:136)
	... 27 more

</div> <!-- stack-trace -->
                </div> <!-- method-content -->
              </div> <!-- method -->
            </div> <!-- main-panel-content rounded-window-bottom -->
          </div> <!-- suite-open_cart_Test_Regression_pw_Suite-class-failed -->
          <div class="suite-open_cart_Test_Regression_pw_Suite-class-passed">
            <div class="main-panel-header rounded-window-top">
              <img src="passed.png"/>
              <span class="class-name">com.qa.opencart.tests.HomePageTest</span>
            </div> <!-- main-panel-header rounded-window-top -->
            <div class="main-panel-content rounded-window-bottom">
              <div class="method">
                <div class="method-content">
                  <a name="homepageTitleTest">
                  </a> <!-- homepageTitleTest -->
                  <span class="method-name">homepageTitleTest</span>
                </div> <!-- method-content -->
              </div> <!-- method -->
              <div class="method">
                <div class="method-content">
                  <a name="homepageURLTest">
                  </a> <!-- homepageURLTest -->
                  <span class="method-name">homepageURLTest</span>
                </div> <!-- method-content -->
              </div> <!-- method -->
              <div class="method">
                <div class="method-content">
                  <a name="searchTest(Macbook)">
                  </a> <!-- searchTest(Macbook) -->
                  <span class="method-name">searchTest</span>
                  <span class="parameters">(Macbook)</span>
                </div> <!-- method-content -->
              </div> <!-- method -->
              <div class="method">
                <div class="method-content">
                  <a name="searchTest(iMac)">
                  </a> <!-- searchTest(iMac) -->
                  <span class="method-name">searchTest</span>
                  <span class="parameters">(iMac)</span>
                </div> <!-- method-content -->
              </div> <!-- method -->
              <div class="method">
                <div class="method-content">
                  <a name="searchTest(Samsung)">
                  </a> <!-- searchTest(Samsung) -->
                  <span class="method-name">searchTest</span>
                  <span class="parameters">(Samsung)</span>
                </div> <!-- method-content -->
              </div> <!-- method -->
            </div> <!-- main-panel-content rounded-window-bottom -->
          </div> <!-- suite-open_cart_Test_Regression_pw_Suite-class-passed -->
          <div class="suite-open_cart_Test_Regression_pw_Suite-class-passed">
            <div class="main-panel-header rounded-window-top">
              <img src="passed.png"/>
              <span class="class-name">com.qa.opencart.tests.LoginPageTest</span>
            </div> <!-- main-panel-header rounded-window-top -->
            <div class="main-panel-content rounded-window-bottom">
              <div class="method">
                <div class="method-content">
                  <a name="appLoginTest">
                  </a> <!-- appLoginTest -->
                  <span class="method-name">appLoginTest</span>
                </div> <!-- method-content -->
              </div> <!-- method -->
              <div class="method">
                <div class="method-content">
                  <a name="loginPageNavigationTest">
                  </a> <!-- loginPageNavigationTest -->
                  <span class="method-name">loginPageNavigationTest</span>
                </div> <!-- method-content -->
              </div> <!-- method -->
            </div> <!-- main-panel-content rounded-window-bottom -->
          </div> <!-- suite-open_cart_Test_Regression_pw_Suite-class-passed -->
        </div> <!-- panel open_cart_Test_Regression_pw_Suite -->
        <div panel-name="test-xml-open_cart_Test_Regression_pw_Suite" class="panel">
          <div class="main-panel-header rounded-window-top">
            <span class="header-content">C:\Users\sride\.eclipse\PlaywrightSeries\PlaywrightPageObjectModel1\src\test\resources\testrunners\testng_Regression.xml</span>
          </div> <!-- main-panel-header rounded-window-top -->
          <div class="main-panel-content rounded-window-bottom">
            <pre>
&lt;?xml version=&quot;1.0&quot; encoding=&quot;UTF-8&quot;?&gt;
&lt;!DOCTYPE suite SYSTEM &quot;https://testng.org/testng-1.0.dtd&quot;&gt;
&lt;suite thread-count=&quot;2&quot; parallel=&quot;tests&quot; name=&quot;open cart Test Regression pw Suite&quot; guice-stage=&quot;DEVELOPMENT&quot; verbose=&quot;4&quot;&gt;
  &lt;listeners&gt;
    &lt;listener class-name=&quot;com.qa.opencart.listeners.ExtentReportListener&quot;/&gt;
  &lt;/listeners&gt;
  &lt;test thread-count=&quot;2&quot; parallel=&quot;tests&quot; name=&quot;open cart HomePage Test&quot; verbose=&quot;4&quot;&gt;
    &lt;classes&gt;
      &lt;class name=&quot;com.qa.opencart.tests.HomePageTest&quot;/&gt;
    &lt;/classes&gt;
  &lt;/test&gt; &lt;!-- open cart HomePage Test --&gt;
  &lt;test thread-count=&quot;2&quot; parallel=&quot;tests&quot; name=&quot;open cart LoginPage Test&quot; verbose=&quot;4&quot;&gt;
    &lt;classes&gt;
      &lt;class name=&quot;com.qa.opencart.tests.LoginPageTest&quot;/&gt;
    &lt;/classes&gt;
  &lt;/test&gt; &lt;!-- open cart LoginPage Test --&gt;
&lt;/suite&gt; &lt;!-- open cart Test Regression pw Suite --&gt;
            </pre>
          </div> <!-- main-panel-content rounded-window-bottom -->
        </div> <!-- panel -->
        <div panel-name="testlist-open_cart_Test_Regression_pw_Suite" class="panel">
          <div class="main-panel-header rounded-window-top">
            <span class="header-content">Tests for open cart Test Regression pw Suite</span>
          </div> <!-- main-panel-header rounded-window-top -->
          <div class="main-panel-content rounded-window-bottom">
            <ul>
              <li>
                <span class="test-name">open cart HomePage Test (1 class)</span>
              </li>
              <li>
                <span class="test-name">open cart LoginPage Test (1 class)</span>
              </li>
            </ul>
          </div> <!-- main-panel-content rounded-window-bottom -->
        </div> <!-- panel -->
        <div panel-name="group-open_cart_Test_Regression_pw_Suite" class="panel">
          <div class="main-panel-header rounded-window-top">
            <span class="header-content">Groups for open cart Test Regression pw Suite</span>
          </div> <!-- main-panel-header rounded-window-top -->
          <div class="main-panel-content rounded-window-bottom">
          </div> <!-- main-panel-content rounded-window-bottom -->
        </div> <!-- panel -->
        <div panel-name="times-open_cart_Test_Regression_pw_Suite" class="panel">
          <div class="main-panel-header rounded-window-top">
            <span class="header-content">Times for open cart Test Regression pw Suite</span>
          </div> <!-- main-panel-header rounded-window-top -->
          <div class="main-panel-content rounded-window-bottom">
            <div class="times-div">
              <script type="text/javascript">
suiteTableInitFunctions.push('tableData_open_cart_Test_Regression_pw_Suite');
function tableData_open_cart_Test_Regression_pw_Suite() {
var data = new google.visualization.DataTable();
data.addColumn('number', 'Number');
data.addColumn('string', 'Method');
data.addColumn('string', 'Class');
data.addColumn('number', 'Time (ms)');
data.addRows(8);
data.setCell(0, 0, 0)
data.setCell(0, 1, 'searchTest')
data.setCell(0, 2, 'com.qa.opencart.tests.HomePageTest')
data.setCell(0, 3, 682);
data.setCell(1, 0, 1)
data.setCell(1, 1, 'appLoginTest')
data.setCell(1, 2, 'com.qa.opencart.tests.LoginPageTest')
data.setCell(1, 3, 642);
data.setCell(2, 0, 2)
data.setCell(2, 1, 'searchTest')
data.setCell(2, 2, 'com.qa.opencart.tests.HomePageTest')
data.setCell(2, 3, 633);
data.setCell(3, 0, 3)
data.setCell(3, 1, 'searchTest')
data.setCell(3, 2, 'com.qa.opencart.tests.HomePageTest')
data.setCell(3, 3, 620);
data.setCell(4, 0, 4)
data.setCell(4, 1, 'loginPageNavigationTest')
data.setCell(4, 2, 'com.qa.opencart.tests.LoginPageTest')
data.setCell(4, 3, 446);
data.setCell(5, 0, 5)
data.setCell(5, 1, 'homepageTitleTest')
data.setCell(5, 2, 'com.qa.opencart.tests.HomePageTest')
data.setCell(5, 3, 182);
data.setCell(6, 0, 6)
data.setCell(6, 1, 'forgotPwdLinkExistTest')
data.setCell(6, 2, 'com.qa.opencart.tests.LoginPageTest')
data.setCell(6, 3, 25);
data.setCell(7, 0, 7)
data.setCell(7, 1, 'homepageURLTest')
data.setCell(7, 2, 'com.qa.opencart.tests.HomePageTest')
data.setCell(7, 3, 4);
window.suiteTableData['open_cart_Test_Regression_pw_Suite']= { tableData: data, tableDiv: 'times-div-open_cart_Test_Regression_pw_Suite'}
return data;
}
              </script>
              <span class="suite-total-time">Total running time: 15 seconds</span>
              <div id="times-div-open_cart_Test_Regression_pw_Suite">
              </div> <!-- times-div-open_cart_Test_Regression_pw_Suite -->
            </div> <!-- times-div -->
          </div> <!-- main-panel-content rounded-window-bottom -->
        </div> <!-- panel -->
        <div panel-name="reporter-open_cart_Test_Regression_pw_Suite" class="panel">
          <div class="main-panel-header rounded-window-top">
            <span class="header-content">Reporter output for open cart Test Regression pw Suite</span>
          </div> <!-- main-panel-header rounded-window-top -->
          <div class="main-panel-content rounded-window-bottom">
          </div> <!-- main-panel-content rounded-window-bottom -->
        </div> <!-- panel -->
        <div panel-name="ignored-methods-open_cart_Test_Regression_pw_Suite" class="panel">
          <div class="main-panel-header rounded-window-top">
            <span class="header-content">0 ignored methods</span>
          </div> <!-- main-panel-header rounded-window-top -->
          <div class="main-panel-content rounded-window-bottom">
          </div> <!-- main-panel-content rounded-window-bottom -->
        </div> <!-- panel -->
        <div panel-name="chronological-open_cart_Test_Regression_pw_Suite" class="panel">
          <div class="main-panel-header rounded-window-top">
            <span class="header-content">Methods in chronological order</span>
          </div> <!-- main-panel-header rounded-window-top -->
          <div class="main-panel-content rounded-window-bottom">
            <div class="chronological-class">
              <div class="chronological-class-name">com.qa.opencart.tests.HomePageTest</div> <!-- chronological-class-name -->
              <div class="configuration-test before">
                <span class="method-name">setUp</span>
                <span class="method-start">0 ms</span>
              </div> <!-- configuration-test before -->
            </div> <!-- chronological-class -->
            <div class="chronological-class">
              <div class="chronological-class-name">com.qa.opencart.tests.LoginPageTest</div> <!-- chronological-class-name -->
              <div class="configuration-test before">
                <span class="method-name">setUp</span>
                <span class="method-start">0 ms</span>
              </div> <!-- configuration-test before -->
              <div class="test-method">
                <span class="method-name">loginPageNavigationTest</span>
                <span class="method-start">10463 ms</span>
              </div> <!-- test-method -->
              <div class="test-method">
                <img src="failed.png">
                </img>
                <span class="method-name">forgotPwdLinkExistTest</span>
                <span class="method-start">10921 ms</span>
              </div> <!-- test-method -->
              <div class="test-method">
                <span class="method-name">appLoginTest</span>
                <span class="method-start">11346 ms</span>
              </div> <!-- test-method -->
              <div class="configuration-test after">
                <span class="method-name">tearDown</span>
                <span class="method-start">11998 ms</span>
              </div> <!-- configuration-test after -->
            </div> <!-- chronological-class -->
            <div class="chronological-class">
              <div class="chronological-class-name">com.qa.opencart.tests.HomePageTest</div> <!-- chronological-class-name -->
              <div class="test-method">
                <span class="method-name">homepageTitleTest</span>
                <span class="method-start">12606 ms</span>
              </div> <!-- test-method -->
              <div class="test-method">
                <span class="method-name">homepageURLTest</span>
                <span class="method-start">12794 ms</span>
              </div> <!-- test-method -->
              <div class="test-method">
                <span class="method-name">searchTest(Macbook)</span>
                <span class="method-start">12812 ms</span>
              </div> <!-- test-method -->
              <div class="test-method">
                <span class="method-name">searchTest(iMac)</span>
                <span class="method-start">13448 ms</span>
              </div> <!-- test-method -->
              <div class="test-method">
                <span class="method-name">searchTest(Samsung)</span>
                <span class="method-start">14134 ms</span>
              </div> <!-- test-method -->
              <div class="configuration-test after">
                <span class="method-name">tearDown</span>
                <span class="method-start">14758 ms</span>
              </div> <!-- configuration-test after -->
          </div> <!-- main-panel-content rounded-window-bottom -->
        </div> <!-- panel -->
      </div> <!-- main-panel-root -->
    </div> <!-- wrapper -->
  </body>
<script type="text/javascript" src="testng-reports2.js"></script>
</html>
