<?xml version="1.0" encoding="UTF-8"?>
<testng-results ignored="0" total="8" passed="7" failed="1" skipped="0">
  <reporter-output>
  </reporter-output>
  <suite started-at="2025-08-02T19:57:13 IST" name="open cart Test Regression pw Suite" finished-at="2025-08-02T19:57:28 IST" duration-ms="15063">
    <groups>
    </groups>
    <test started-at="2025-08-02T19:57:13 IST" name="open cart LoginPage Test" finished-at="2025-08-02T19:57:25 IST" duration-ms="12395">
      <class name="com.qa.opencart.tests.LoginPageTest">
        <test-method is-config="true" signature="setUp()[pri:0, instance:com.qa.opencart.tests.LoginPageTest@1f760b47]" started-at="2025-08-02T19:57:13 IST" name="setUp" finished-at="2025-08-02T19:57:23 IST" duration-ms="10432" status="PASS">
          <reporter-output>
          </reporter-output>
        </test-method> <!-- setUp -->
        <test-method signature="loginPageNavigationTest()[pri:1, instance:com.qa.opencart.tests.LoginPageTest@1f760b47]" started-at="2025-08-02T19:57:23 IST" name="loginPageNavigationTest" finished-at="2025-08-02T19:57:24 IST" duration-ms="446" status="PASS">
          <reporter-output>
          </reporter-output>
        </test-method> <!-- loginPageNavigationTest -->
        <test-method signature="forgotPwdLinkExistTest()[pri:2, instance:com.qa.opencart.tests.LoginPageTest@1f760b47]" started-at="2025-08-02T19:57:24 IST" name="forgotPwdLinkExistTest" finished-at="2025-08-02T19:57:24 IST" duration-ms="25" status="FAIL">
          <exception class="com.microsoft.playwright.PlaywrightException">
            <message>
              <![CDATA[Error {
  message='SyntaxError: Failed to execute 'evaluate' on 'Document': The string '(//a[normalize-space()='Forgotten Password'])[1]2222222' is not a valid XPath expression.
    at Object.queryAll (<anonymous>:5858:25)
    at InjectedScript._queryEngineAll (<anonymous>:6536:49)
    at InjectedScript.querySelectorAll (<anonymous>:6523:30)
    at InjectedScript.querySelector (<anonymous>:6453:25)
    at eval (eval at evaluate (:291:30), <anonymous>:2:34)
    at UtilityScript.evaluate (<anonymous>:293:16)
    at UtilityScript.<anonymous> (<anonymous>:1:44)
  name='Error
  stack='Error: SyntaxError: Failed to execute 'evaluate' on 'Document': The string '(//a[normalize-space()='Forgotten Password'])[1]2222222' is not a valid XPath expression.
    at Object.queryAll (<anonymous>:5858:25)
    at InjectedScript._queryEngineAll (<anonymous>:6536:49)
    at InjectedScript.querySelectorAll (<anonymous>:6523:30)
    at InjectedScript.querySelector (<anonymous>:6453:25)
    at eval (eval at evaluate (:291:30), <anonymous>:2:34)
    at UtilityScript.evaluate (<anonymous>:293:16)
    at UtilityScript.<anonymous> (<anonymous>:1:44)
    at CRExecutionContext.evaluateWithArguments (C:\Users\sride\AppData\Local\Temp\playwright-java-12683948086794551261\package\lib\server\chromium\crExecutionContext.js:80:13)
    at async LongStandingScope._race (C:\Users\sride\AppData\Local\Temp\playwright-java-12683948086794551261\package\lib\utils\isomorphic\manualPromise.js:94:14)
    at async evaluateExpression (C:\Users\sride\AppData\Local\Temp\playwright-java-12683948086794551261\package\lib\server\javascript.js:217:12)
    at async Frame.isVisibleInternal (C:\Users\sride\AppData\Local\Temp\playwright-java-12683948086794551261\package\lib\server\frames.js:1083:14)
    at async C:\Users\sride\AppData\Local\Temp\playwright-java-12683948086794551261\package\lib\server\frames.js:1075:14
    at async ProgressController.run (C:\Users\sride\AppData\Local\Temp\playwright-java-12683948086794551261\package\lib\server\progress.js:80:22)
    at async FrameDispatcher.isVisible (C:\Users\sride\AppData\Local\Temp\playwright-java-12683948086794551261\package\lib\server\dispatchers\frameDispatcher.js:171:21)
    at async LongStandingScope._race (C:\Users\sride\AppData\Local\Temp\playwright-java-12683948086794551261\package\lib\utils\isomorphic\manualPromise.js:94:14)
    at async FrameDispatcher._handleCommand (C:\Users\sride\AppData\Local\Temp\playwright-java-12683948086794551261\package\lib\server\dispatchers\dispatcher.js:90:14)
    at async DispatcherConnection.dispatch (C:\Users\sride\AppData\Local\Temp\playwright-java-12683948086794551261\package\lib\server\dispatchers\dispatcher.js:309:22)
}
Call log:
-     - checking visibility of locator("xpath=(//a[normalize-space()='Forgotten Password'])[1]2222222")
]]>
            </message>
            <full-stacktrace>
              <![CDATA[com.microsoft.playwright.PlaywrightException: Error {
  message='SyntaxError: Failed to execute 'evaluate' on 'Document': The string '(//a[normalize-space()='Forgotten Password'])[1]2222222' is not a valid XPath expression.
    at Object.queryAll (<anonymous>:5858:25)
    at InjectedScript._queryEngineAll (<anonymous>:6536:49)
    at InjectedScript.querySelectorAll (<anonymous>:6523:30)
    at InjectedScript.querySelector (<anonymous>:6453:25)
    at eval (eval at evaluate (:291:30), <anonymous>:2:34)
    at UtilityScript.evaluate (<anonymous>:293:16)
    at UtilityScript.<anonymous> (<anonymous>:1:44)
  name='Error
  stack='Error: SyntaxError: Failed to execute 'evaluate' on 'Document': The string '(//a[normalize-space()='Forgotten Password'])[1]2222222' is not a valid XPath expression.
    at Object.queryAll (<anonymous>:5858:25)
    at InjectedScript._queryEngineAll (<anonymous>:6536:49)
    at InjectedScript.querySelectorAll (<anonymous>:6523:30)
    at InjectedScript.querySelector (<anonymous>:6453:25)
    at eval (eval at evaluate (:291:30), <anonymous>:2:34)
    at UtilityScript.evaluate (<anonymous>:293:16)
    at UtilityScript.<anonymous> (<anonymous>:1:44)
    at CRExecutionContext.evaluateWithArguments (C:\Users\sride\AppData\Local\Temp\playwright-java-12683948086794551261\package\lib\server\chromium\crExecutionContext.js:80:13)
    at async LongStandingScope._race (C:\Users\sride\AppData\Local\Temp\playwright-java-12683948086794551261\package\lib\utils\isomorphic\manualPromise.js:94:14)
    at async evaluateExpression (C:\Users\sride\AppData\Local\Temp\playwright-java-12683948086794551261\package\lib\server\javascript.js:217:12)
    at async Frame.isVisibleInternal (C:\Users\sride\AppData\Local\Temp\playwright-java-12683948086794551261\package\lib\server\frames.js:1083:14)
    at async C:\Users\sride\AppData\Local\Temp\playwright-java-12683948086794551261\package\lib\server\frames.js:1075:14
    at async ProgressController.run (C:\Users\sride\AppData\Local\Temp\playwright-java-12683948086794551261\package\lib\server\progress.js:80:22)
    at async FrameDispatcher.isVisible (C:\Users\sride\AppData\Local\Temp\playwright-java-12683948086794551261\package\lib\server\dispatchers\frameDispatcher.js:171:21)
    at async LongStandingScope._race (C:\Users\sride\AppData\Local\Temp\playwright-java-12683948086794551261\package\lib\utils\isomorphic\manualPromise.js:94:14)
    at async FrameDispatcher._handleCommand (C:\Users\sride\AppData\Local\Temp\playwright-java-12683948086794551261\package\lib\server\dispatchers\dispatcher.js:90:14)
    at async DispatcherConnection.dispatch (C:\Users\sride\AppData\Local\Temp\playwright-java-12683948086794551261\package\lib\server\dispatchers\dispatcher.js:309:22)
}
Call log:
-     - checking visibility of locator("xpath=(//a[normalize-space()='Forgotten Password'])[1]2222222")

at com.microsoft.playwright.impl.WaitableResult.get(WaitableResult.java:56)
at com.microsoft.playwright.impl.ChannelOwner.runUntil(ChannelOwner.java:138)
at com.microsoft.playwright.impl.Connection.sendMessage(Connection.java:131)
at com.microsoft.playwright.impl.ChannelOwner.sendMessage(ChannelOwner.java:124)
at com.microsoft.playwright.impl.FrameImpl.isVisibleImpl(FrameImpl.java:597)
at com.microsoft.playwright.impl.PageImpl.isVisible(PageImpl.java:978)
at com.microsoft.playwright.Page.isVisible(Page.java:5716)
at com.qa.opencart.pages.LoginPage.isForgetPwdLinkExist(LoginPage.java:29)
at com.qa.opencart.tests.LoginPageTest.forgotPwdLinkExistTest(LoginPageTest.java:20)
at java.base/jdk.internal.reflect.DirectMethodHandleAccessor.invoke(DirectMethodHandleAccessor.java:103)
at java.base/java.lang.reflect.Method.invoke(Method.java:580)
at org.testng.internal.invokers.MethodInvocationHelper.invokeMethod(MethodInvocationHelper.java:141)
at org.testng.internal.invokers.TestInvoker.invokeMethod(TestInvoker.java:687)
at org.testng.internal.invokers.TestInvoker.invokeTestMethod(TestInvoker.java:230)
at org.testng.internal.invokers.MethodRunner.runInSequence(MethodRunner.java:63)
at org.testng.internal.invokers.TestInvoker$MethodInvocationAgent.invoke(TestInvoker.java:995)
at org.testng.internal.invokers.TestInvoker.invokeTestMethods(TestInvoker.java:203)
at org.testng.internal.invokers.TestMethodWorker.invokeTestMethods(TestMethodWorker.java:154)
at org.testng.internal.invokers.TestMethodWorker.run(TestMethodWorker.java:134)
at java.base/java.util.ArrayList.forEach(ArrayList.java:1596)
at org.testng.TestRunner.privateRun(TestRunner.java:741)
at org.testng.TestRunner.run(TestRunner.java:616)
at org.testng.SuiteRunner.runTest(SuiteRunner.java:421)
at org.testng.SuiteRunner$SuiteWorker.run(SuiteRunner.java:463)
at org.testng.internal.thread.ThreadUtil.lambda$execute$0(ThreadUtil.java:64)
at java.base/java.util.concurrent.FutureTask.run(FutureTask.java:317)
at java.base/java.util.concurrent.ThreadPoolExecutor.runWorker(ThreadPoolExecutor.java:1144)
at java.base/java.util.concurrent.ThreadPoolExecutor$Worker.run(ThreadPoolExecutor.java:642)
at java.base/java.lang.Thread.run(Thread.java:1583)
Caused by: com.microsoft.playwright.impl.DriverException: Error {
  message='SyntaxError: Failed to execute 'evaluate' on 'Document': The string '(//a[normalize-space()='Forgotten Password'])[1]2222222' is not a valid XPath expression.
    at Object.queryAll (<anonymous>:5858:25)
    at InjectedScript._queryEngineAll (<anonymous>:6536:49)
    at InjectedScript.querySelectorAll (<anonymous>:6523:30)
    at InjectedScript.querySelector (<anonymous>:6453:25)
    at eval (eval at evaluate (:291:30), <anonymous>:2:34)
    at UtilityScript.evaluate (<anonymous>:293:16)
    at UtilityScript.<anonymous> (<anonymous>:1:44)
  name='Error
  stack='Error: SyntaxError: Failed to execute 'evaluate' on 'Document': The string '(//a[normalize-space()='Forgotten Password'])[1]2222222' is not a valid XPath expression.
    at Object.queryAll (<anonymous>:5858:25)
    at InjectedScript._queryEngineAll (<anonymous>:6536:49)
    at InjectedScript.querySelectorAll (<anonymous>:6523:30)
    at InjectedScript.querySelector (<anonymous>:6453:25)
    at eval (eval at evaluate (:291:30), <anonymous>:2:34)
    at UtilityScript.evaluate (<anonymous>:293:16)
    at UtilityScript.<anonymous> (<anonymous>:1:44)
    at CRExecutionContext.evaluateWithArguments (C:\Users\sride\AppData\Local\Temp\playwright-java-12683948086794551261\package\lib\server\chromium\crExecutionContext.js:80:13)
    at async LongStandingScope._race (C:\Users\sride\AppData\Local\Temp\playwright-java-12683948086794551261\package\lib\utils\isomorphic\manualPromise.js:94:14)
    at async evaluateExpression (C:\Users\sride\AppData\Local\Temp\playwright-java-12683948086794551261\package\lib\server\javascript.js:217:12)
    at async Frame.isVisibleInternal (C:\Users\sride\AppData\Local\Temp\playwright-java-12683948086794551261\package\lib\server\frames.js:1083:14)
    at async C:\Users\sride\AppData\Local\Temp\playwright-java-12683948086794551261\package\lib\server\frames.js:1075:14
    at async ProgressController.run (C:\Users\sride\AppData\Local\Temp\playwright-java-12683948086794551261\package\lib\server\progress.js:80:22)
    at async FrameDispatcher.isVisible (C:\Users\sride\AppData\Local\Temp\playwright-java-12683948086794551261\package\lib\server\dispatchers\frameDispatcher.js:171:21)
    at async LongStandingScope._race (C:\Users\sride\AppData\Local\Temp\playwright-java-12683948086794551261\package\lib\utils\isomorphic\manualPromise.js:94:14)
    at async FrameDispatcher._handleCommand (C:\Users\sride\AppData\Local\Temp\playwright-java-12683948086794551261\package\lib\server\dispatchers\dispatcher.js:90:14)
    at async DispatcherConnection.dispatch (C:\Users\sride\AppData\Local\Temp\playwright-java-12683948086794551261\package\lib\server\dispatchers\dispatcher.js:309:22)
}
Call log:
-     - checking visibility of locator("xpath=(//a[normalize-space()='Forgotten Password'])[1]2222222")

at com.microsoft.playwright.impl.Connection.dispatch(Connection.java:262)
at com.microsoft.playwright.impl.Connection.processOneMessage(Connection.java:214)
at com.microsoft.playwright.impl.ChannelOwner.runUntil(ChannelOwner.java:136)
... 27 more
]]>
            </full-stacktrace>
          </exception> <!-- com.microsoft.playwright.PlaywrightException -->
          <reporter-output>
          </reporter-output>
        </test-method> <!-- forgotPwdLinkExistTest -->
        <test-method signature="appLoginTest()[pri:3, instance:com.qa.opencart.tests.LoginPageTest@1f760b47]" started-at="2025-08-02T19:57:24 IST" name="appLoginTest" finished-at="2025-08-02T19:57:25 IST" duration-ms="642" status="PASS">
          <reporter-output>
          </reporter-output>
        </test-method> <!-- appLoginTest -->
        <test-method is-config="true" signature="tearDown()[pri:0, instance:com.qa.opencart.tests.LoginPageTest@1f760b47]" started-at="2025-08-02T19:57:25 IST" name="tearDown" finished-at="2025-08-02T19:57:25 IST" duration-ms="384" status="PASS">
          <reporter-output>
          </reporter-output>
        </test-method> <!-- tearDown -->
      </class> <!-- com.qa.opencart.tests.LoginPageTest -->
    </test> <!-- open cart LoginPage Test -->
    <test started-at="2025-08-02T19:57:13 IST" name="open cart HomePage Test" finished-at="2025-08-02T19:57:28 IST" duration-ms="15063">
      <class name="com.qa.opencart.tests.HomePageTest">
        <test-method is-config="true" signature="setUp()[pri:0, instance:com.qa.opencart.tests.HomePageTest@4f49f6af]" started-at="2025-08-02T19:57:13 IST" name="setUp" finished-at="2025-08-02T19:57:25 IST" duration-ms="12601" status="PASS">
          <reporter-output>
          </reporter-output>
        </test-method> <!-- setUp -->
        <test-method signature="homepageTitleTest()[pri:0, instance:com.qa.opencart.tests.HomePageTest@4f49f6af]" started-at="2025-08-02T19:57:25 IST" name="homepageTitleTest" finished-at="2025-08-02T19:57:25 IST" duration-ms="182" status="PASS">
          <reporter-output>
          </reporter-output>
        </test-method> <!-- homepageTitleTest -->
        <test-method signature="homepageURLTest()[pri:0, instance:com.qa.opencart.tests.HomePageTest@4f49f6af]" started-at="2025-08-02T19:57:25 IST" name="homepageURLTest" finished-at="2025-08-02T19:57:25 IST" duration-ms="4" status="PASS">
          <reporter-output>
          </reporter-output>
        </test-method> <!-- homepageURLTest -->
        <test-method signature="searchTest(java.lang.String)[pri:0, instance:com.qa.opencart.tests.HomePageTest@4f49f6af]" started-at="2025-08-02T19:57:26 IST" name="searchTest" data-provider="getDataProductData" finished-at="2025-08-02T19:57:26 IST" duration-ms="633" status="PASS">
          <params>
            <param index="0">
              <value>
                <![CDATA[Macbook]]>
              </value>
            </param>
          </params>
          <reporter-output>
          </reporter-output>
        </test-method> <!-- searchTest -->
        <test-method signature="searchTest(java.lang.String)[pri:0, instance:com.qa.opencart.tests.HomePageTest@4f49f6af]" started-at="2025-08-02T19:57:26 IST" name="searchTest" data-provider="getDataProductData" finished-at="2025-08-02T19:57:27 IST" duration-ms="682" status="PASS">
          <params>
            <param index="0">
              <value>
                <![CDATA[iMac]]>
              </value>
            </param>
          </params>
          <reporter-output>
          </reporter-output>
        </test-method> <!-- searchTest -->
        <test-method signature="searchTest(java.lang.String)[pri:0, instance:com.qa.opencart.tests.HomePageTest@4f49f6af]" started-at="2025-08-02T19:57:27 IST" name="searchTest" data-provider="getDataProductData" finished-at="2025-08-02T19:57:27 IST" duration-ms="620" status="PASS">
          <params>
            <param index="0">
              <value>
                <![CDATA[Samsung]]>
              </value>
            </param>
          </params>
          <reporter-output>
          </reporter-output>
        </test-method> <!-- searchTest -->
        <test-method is-config="true" signature="tearDown()[pri:0, instance:com.qa.opencart.tests.HomePageTest@4f49f6af]" started-at="2025-08-02T19:57:27 IST" name="tearDown" finished-at="2025-08-02T19:57:28 IST" duration-ms="293" status="PASS">
          <reporter-output>
          </reporter-output>
        </test-method> <!-- tearDown -->
      </class> <!-- com.qa.opencart.tests.HomePageTest -->
    </test> <!-- open cart HomePage Test -->
  </suite> <!-- open cart Test Regression pw Suite -->
</testng-results>
